#
# There is insufficient memory for the Java Runtime Environment to continue.
# Native memory allocation (mmap) failed to map 289406976 bytes for committing reserved memory.
# Possible reasons:
#   The system is out of physical RAM or swap space
#   The process is running with CompressedOops enabled, and the Java Heap may be blocking the growth of the native heap
# Possible solutions:
#   Reduce memory load on the system
#   Increase physical memory or swap space
#   Check if swap backing store is full
#   Decrease Java heap size (-Xmx/-Xms)
#   Decrease number of Java threads
#   Decrease Java thread stack sizes (-Xss)
#   Set larger code cache with -XX:ReservedCodeCacheSize=
#   JVM is running with Unscaled Compressed Oops mode in which the Java heap is
#     placed in the first 4GB address space. The Java Heap base address is the
#     maximum limit for the native heap growth. Please use -XX:HeapBaseMinAddress
#     to set the Java Heap base and to place the Java Heap above 4GB virtual address.
# This output file may be truncated or incomplete.
#
#  Out of Memory Error (os_linux.cpp:2652), pid=25160, tid=25196
#
# JRE version: OpenJDK Runtime Environment (9.0) (build 9-Ubuntu+0-9b181-4)
# Java VM: OpenJDK 64-Bit Server VM (9-Ubuntu+0-9b181-4, mixed mode, tiered, compressed oops, g1 gc, linux-amd64)
# Core dump will be written. Default location: Core dumps may be processed with "/usr/share/apport/apport %p %s %c %d %P" (or dumping to /home/mbouopda/Documents/Before/php1/myproject/BleachLap/core.25160)
#

---------------  S U M M A R Y ------------

Command Line: /home/mbouopda/.vscode/extensions/tigersoldier.javacomp-vscode-1.1.0/jar/JavaComp.jar

Host: AMD A4-6210 APU with AMD Radeon R3 Graphics, 4 cores, 3G, Ubuntu 17.10
Time: Sun Mar 17 09:27:23 2019 CET elapsed time: 57 seconds (0d 0h 0m 57s)

---------------  T H R E A D  ---------------

Current thread (0x00007f9a34122800):  VMThread "VM Thread" [stack: 0x00007f9a186e0000,0x00007f9a187e0000] [id=25196]

Stack: [0x00007f9a186e0000,0x00007f9a187e0000],  sp=0x00007f9a187de0e0,  free space=1016k
Native frames: (J=compiled Java code, A=aot compiled Java code, j=interpreted, Vv=VM code, C=native code)
V  [libjvm.so+0xc60927]
V  [libjvm.so+0xc612db]
V  [libjvm.so+0x5f2fd5]
V  [libjvm.so+0xa8c938]
V  [libjvm.so+0xa8741d]
V  [libjvm.so+0x6f1e0f]
V  [libjvm.so+0x6f2184]
V  [libjvm.so+0x6f4e03]
V  [libjvm.so+0x773a0c]
V  [libjvm.so+0x77459b]
V  [libjvm.so+0x7749dd]
V  [libjvm.so+0x6b6ab0]
V  [libjvm.so+0x6bd5ba]
V  [libjvm.so+0xc71dc2]
V  [libjvm.so+0xc70cd1]
V  [libjvm.so+0xc6e278]
V  [libjvm.so+0xc6f705]
V  [libjvm.so+0xc6fbf2]
V  [libjvm.so+0xa929b0]

VM_Operation (0x00007f99ea6ca860): G1IncCollectionPause, mode: safepoint, requested by thread 0x00007f99b4114000


---------------  P R O C E S S  ---------------

Java Threads: ( => current thread )
  0x00007f99ac006000 JavaThread "pool-1-thread-3" [_thread_blocked, id=25244, stack(0x00007f99ea4cb000,0x00007f99ea5cc000)]
  0x00007f99b4114000 JavaThread "pool-1-thread-2" [_thread_blocked, id=25243, stack(0x00007f99ea5cc000,0x00007f99ea6cd000)]
  0x00007f99b406f800 JavaThread "FileSystemWatchService" daemon [_thread_blocked, id=25242, stack(0x00007f99ea8cd000,0x00007f99ea9ce000)]
  0x00007f9a342a2800 JavaThread "pool-1-thread-1" [_thread_blocked, id=25225, stack(0x00007f99eabce000,0x00007f99eaccf000)]
  0x00007f9a3424f000 JavaThread "Service Thread" daemon [_thread_blocked, id=25205, stack(0x00007f99eadd0000,0x00007f99eaed1000)]
  0x00007f9a341bd000 JavaThread "Common-Cleaner" daemon [_thread_blocked, id=25204, stack(0x00007f99eaed1000,0x00007f99eafd2000)]
  0x00007f9a34157000 JavaThread "Sweeper thread" daemon [_thread_blocked, id=25203, stack(0x00007f99eb3fc000,0x00007f99eb4fd000)]
  0x00007f9a34155000 JavaThread "C1 CompilerThread2" daemon [_thread_blocked, id=25202, stack(0x00007f99eb4fd000,0x00007f99eb5fe000)]
  0x00007f9a34153000 JavaThread "C2 CompilerThread1" daemon [_thread_blocked, id=25201, stack(0x00007f99eb5fe000,0x00007f99eb6ff000)]
  0x00007f9a34151000 JavaThread "C2 CompilerThread0" daemon [_thread_blocked, id=25200, stack(0x00007f99eb6ff000,0x00007f99eb800000)]
  0x00007f9a3414d000 JavaThread "Signal Dispatcher" daemon [_thread_blocked, id=25199, stack(0x00007f9a18100000,0x00007f9a18201000)]
  0x00007f9a34134800 JavaThread "Finalizer" daemon [_thread_blocked, id=25198, stack(0x00007f9a184dd000,0x00007f9a185de000)]
  0x00007f9a3412c000 JavaThread "Reference Handler" daemon [_thread_blocked, id=25197, stack(0x00007f9a185de000,0x00007f9a186df000)]
  0x00007f9a34012000 JavaThread "main" [_thread_in_native, id=25167, stack(0x00007f9a3df60000,0x00007f9a3e060000)]

Other Threads:
=>0x00007f9a34122800 VMThread "VM Thread" [stack: 0x00007f9a186e0000,0x00007f9a187e0000] [id=25196]
  0x00007f9a34251800 WatcherThread [stack: 0x00007f99eacd0000,0x00007f99eadd0000] [id=25206]
  0x00007f9a34027800 GCTaskThread "GC Thread#0" [stack: 0x00007f9a3a1e7000,0x00007f9a3a2e7000] [id=25182]
  0x00007f9a34029000 GCTaskThread "GC Thread#1" [stack: 0x00007f9a3a0e6000,0x00007f9a3a1e6000] [id=25183]
  0x00007f9a3402b000 GCTaskThread "GC Thread#2" [stack: 0x00007f9a39fe5000,0x00007f9a3a0e5000] [id=25184]
  0x00007f9a3402c800 GCTaskThread "GC Thread#3" [stack: 0x00007f9a39ee4000,0x00007f9a39fe4000] [id=25185]
  0x00007f9a34065000 ConcurrentGCThread "G1 Main Marker" [stack: 0x00007f9a380e2000,0x00007f9a381e2000] [id=25191]
  0x00007f9a34066800 ConcurrentGCThread "G1 Marker#0" [stack: 0x00007f9a1abe5000,0x00007f9a1ace5000] [id=25192]
  0x00007f9a34033800 ConcurrentGCThread "G1 Refine#0" [stack: 0x00007f9a396dc000,0x00007f9a397dc000] [id=25189]
  0x00007f9a34032000 ConcurrentGCThread "G1 Refine#1" [stack: 0x00007f9a397dd000,0x00007f9a398dd000] [id=25188]
  0x00007f9a34030000 ConcurrentGCThread "G1 Refine#2" [stack: 0x00007f9a398de000,0x00007f9a399de000] [id=25187]
  0x00007f9a3402e800 ConcurrentGCThread "G1 Refine#3" [stack: 0x00007f9a399df000,0x00007f9a39adf000] [id=25186]
  0x00007f9a34035800 ConcurrentGCThread "G1 Young RemSet Sampling" [stack: 0x00007f9a395db000,0x00007f9a396db000] [id=25190]

Threads with active compile tasks:
C2 CompilerThread11666       4       org.javacomp.storage.IndexStore::deserializeEntity (168 bytes)
C2 CompilerThread01753       4       org.javacomp.storage.IndexStore::deserializeTypeParameters (37 bytes)

VM state:at safepoint (normal execution)

VM Mutex/Monitor currently owned by a thread:  ([mutex/lock_event])
[0x00007f9a3400e7d0] Threads_lock - owner thread: 0x00007f9a34122800
[0x00007f9a3400ed70] Heap_lock - owner thread: 0x00007f99b4114000

Heap address: 0x00000000cac00000, size: 852 MB, Compressed Oops mode: 32-bit
Narrow klass base: 0x0000000000000000, Narrow klass shift: 3
Compressed class space size: 1073741824 Address: 0x0000000100000000

Heap:
 garbage-first heap   total 450560K, used 84378K [0x00000000cac00000, 0x00000000cad00dc0, 0x0000000100000000)
  region size 1024K, 2 young (2048K), 2 survivors (2048K)
 Metaspace       used 13801K, capacity 14238K, committed 14336K, reserved 1062912K
  class space    used 1355K, capacity 1461K, committed 1536K, reserved 1048576K
Heap Regions: E=young(eden), S=young(survivor), O=old, HS=humongous(starts), HC=humongous(continues), CS=collection set, F=free, A=archive, TS=gc time stamp, AC=allocation context, TAMS=top-at-mark-start (previous, next)
|   0|0x00000000cac00000, 0x00000000cad00000, 0x00000000cad00000|100%| O|  |TS  0|AC  0|TAMS 0x00000000cad00000, 0x00000000cad00000|
|   1|0x00000000cad00000, 0x00000000cae00000, 0x00000000cae00000|100%| O|  |TS  0|AC  0|TAMS 0x00000000cae00000, 0x00000000cae00000|
|   2|0x00000000cae00000, 0x00000000caf00000, 0x00000000caf00000|100%| O|  |TS  0|AC  0|TAMS 0x00000000caf00000, 0x00000000caf00000|
|   3|0x00000000caf00000, 0x00000000cb000000, 0x00000000cb000000|100%| O|  |TS  0|AC  0|TAMS 0x00000000cb000000, 0x00000000cb000000|
|   4|0x00000000cb000000, 0x00000000cb100000, 0x00000000cb100000|100%| O|  |TS  0|AC  0|TAMS 0x00000000cb100000, 0x00000000cb100000|
|   5|0x00000000cb100000, 0x00000000cb200000, 0x00000000cb200000|100%| O|  |TS  0|AC  0|TAMS 0x00000000cb200000, 0x00000000cb200000|
|   6|0x00000000cb200000, 0x00000000cb300000, 0x00000000cb300000|100%| O|  |TS  0|AC  0|TAMS 0x00000000cb300000, 0x00000000cb300000|
|   7|0x00000000cb300000, 0x00000000cb400000, 0x00000000cb400000|100%| O|  |TS  0|AC  0|TAMS 0x00000000cb400000, 0x00000000cb400000|
|   8|0x00000000cb400000, 0x00000000cb500000, 0x00000000cb500000|100%| O|  |TS  0|AC  0|TAMS 0x00000000cb500000, 0x00000000cb500000|
|   9|0x00000000cb500000, 0x00000000cb600000, 0x00000000cb600000|100%| O|  |TS  0|AC  0|TAMS 0x00000000cb600000, 0x00000000cb600000|
|  10|0x00000000cb600000, 0x00000000cb700000, 0x00000000cb700000|100%| O|  |TS  0|AC  0|TAMS 0x00000000cb700000, 0x00000000cb700000|
|  11|0x00000000cb700000, 0x00000000cb800000, 0x00000000cb800000|100%| O|  |TS  0|AC  0|TAMS 0x00000000cb800000, 0x00000000cb800000|
|  12|0x00000000cb800000, 0x00000000cb900000, 0x00000000cb900000|100%| O|  |TS  0|AC  0|TAMS 0x00000000cb900000, 0x00000000cb900000|
|  13|0x00000000cb900000, 0x00000000cba00000, 0x00000000cba00000|100%| O|  |TS  0|AC  0|TAMS 0x00000000cba00000, 0x00000000cba00000|
|  14|0x00000000cba00000, 0x00000000cbb00000, 0x00000000cbb00000|100%| O|  |TS  0|AC  0|TAMS 0x00000000cbb00000, 0x00000000cbb00000|
|  15|0x00000000cbb00000, 0x00000000cbc00000, 0x00000000cbc00000|100%| O|  |TS  0|AC  0|TAMS 0x00000000cbc00000, 0x00000000cbc00000|
|  16|0x00000000cbc00000, 0x00000000cbd00000, 0x00000000cbd00000|100%| O|  |TS  0|AC  0|TAMS 0x00000000cbd00000, 0x00000000cbd00000|
|  17|0x00000000cbd00000, 0x00000000cbe00000, 0x00000000cbe00000|100%| O|  |TS  0|AC  0|TAMS 0x00000000cbe00000, 0x00000000cbe00000|
|  18|0x00000000cbe00000, 0x00000000cbf00000, 0x00000000cbf00000|100%| O|  |TS  0|AC  0|TAMS 0x00000000cbf00000, 0x00000000cbf00000|
|  19|0x00000000cbf00000, 0x00000000cc000000, 0x00000000cc000000|100%| O|  |TS  0|AC  0|TAMS 0x00000000cc000000, 0x00000000cc000000|
|  20|0x00000000cc000000, 0x00000000cc100000, 0x00000000cc100000|100%| O|  |TS  0|AC  0|TAMS 0x00000000cc100000, 0x00000000cc100000|
|  21|0x00000000cc100000, 0x00000000cc200000, 0x00000000cc200000|100%| O|  |TS  0|AC  0|TAMS 0x00000000cc200000, 0x00000000cc200000|
|  22|0x00000000cc200000, 0x00000000cc300000, 0x00000000cc300000|100%| O|  |TS  0|AC  0|TAMS 0x00000000cc300000, 0x00000000cc300000|
|  23|0x00000000cc300000, 0x00000000cc400000, 0x00000000cc400000|100%| O|  |TS  0|AC  0|TAMS 0x00000000cc400000, 0x00000000cc400000|
|  24|0x00000000cc400000, 0x00000000cc500000, 0x00000000cc500000|100%| O|  |TS  0|AC  0|TAMS 0x00000000cc500000, 0x00000000cc500000|
|  25|0x00000000cc500000, 0x00000000cc600000, 0x00000000cc600000|100%| O|  |TS  0|AC  0|TAMS 0x00000000cc600000, 0x00000000cc600000|
|  26|0x00000000cc600000, 0x00000000cc700000, 0x00000000cc700000|100%| O|  |TS  0|AC  0|TAMS 0x00000000cc700000, 0x00000000cc700000|
|  27|0x00000000cc700000, 0x00000000cc800000, 0x00000000cc800000|100%| O|  |TS  0|AC  0|TAMS 0x00000000cc800000, 0x00000000cc800000|
|  28|0x00000000cc800000, 0x00000000cc900000, 0x00000000cc900000|100%| O|  |TS  0|AC  0|TAMS 0x00000000cc900000, 0x00000000cc900000|
|  29|0x00000000cc900000, 0x00000000cca00000, 0x00000000cca00000|100%| O|  |TS  0|AC  0|TAMS 0x00000000cca00000, 0x00000000cca00000|
|  30|0x00000000cca00000, 0x00000000ccb00000, 0x00000000ccb00000|100%| O|  |TS  0|AC  0|TAMS 0x00000000ccb00000, 0x00000000ccb00000|
|  31|0x00000000ccb00000, 0x00000000ccc00000, 0x00000000ccc00000|100%| O|  |TS  0|AC  0|TAMS 0x00000000ccc00000, 0x00000000ccc00000|
|  32|0x00000000ccc00000, 0x00000000ccd00000, 0x00000000ccd00000|100%| O|  |TS  0|AC  0|TAMS 0x00000000ccd00000, 0x00000000ccd00000|
|  33|0x00000000ccd00000, 0x00000000cce00000, 0x00000000cce00000|100%| O|  |TS  0|AC  0|TAMS 0x00000000cce00000, 0x00000000cce00000|
|  34|0x00000000cce00000, 0x00000000ccf00000, 0x00000000ccf00000|100%| O|  |TS  0|AC  0|TAMS 0x00000000ccf00000, 0x00000000ccf00000|
|  35|0x00000000ccf00000, 0x00000000cd000000, 0x00000000cd000000|100%| O|  |TS  0|AC  0|TAMS 0x00000000cd000000, 0x00000000cd000000|
|  36|0x00000000cd000000, 0x00000000cd100000, 0x00000000cd100000|100%| O|  |TS  0|AC  0|TAMS 0x00000000cd100000, 0x00000000cd100000|
|  37|0x00000000cd100000, 0x00000000cd200000, 0x00000000cd200000|100%| O|  |TS  0|AC  0|TAMS 0x00000000cd200000, 0x00000000cd200000|
|  38|0x00000000cd200000, 0x00000000cd300000, 0x00000000cd300000|100%| O|  |TS  0|AC  0|TAMS 0x00000000cd300000, 0x00000000cd300000|
|  39|0x00000000cd300000, 0x00000000cd400000, 0x00000000cd400000|100%| O|  |TS  0|AC  0|TAMS 0x00000000cd400000, 0x00000000cd400000|
|  40|0x00000000cd400000, 0x00000000cd500000, 0x00000000cd500000|100%| O|  |TS  0|AC  0|TAMS 0x00000000cd500000, 0x00000000cd500000|
|  41|0x00000000cd500000, 0x00000000cd600000, 0x00000000cd600000|100%| O|  |TS  0|AC  0|TAMS 0x00000000cd600000, 0x00000000cd600000|
|  42|0x00000000cd600000, 0x00000000cd700000, 0x00000000cd700000|100%| O|  |TS  0|AC  0|TAMS 0x00000000cd700000, 0x00000000cd700000|
|  43|0x00000000cd700000, 0x00000000cd800000, 0x00000000cd800000|100%| O|  |TS  0|AC  0|TAMS 0x00000000cd800000, 0x00000000cd800000|
|  44|0x00000000cd800000, 0x00000000cd900000, 0x00000000cd900000|100%| O|  |TS  0|AC  0|TAMS 0x00000000cd900000, 0x00000000cd900000|
|  45|0x00000000cd900000, 0x00000000cda00000, 0x00000000cda00000|100%| O|  |TS  0|AC  0|TAMS 0x00000000cda00000, 0x00000000cda00000|
|  46|0x00000000cda00000, 0x00000000cdb00000, 0x00000000cdb00000|100%| O|  |TS  0|AC  0|TAMS 0x00000000cdb00000, 0x00000000cdb00000|
|  47|0x00000000cdb00000, 0x00000000cdc00000, 0x00000000cdc00000|100%| O|  |TS  0|AC  0|TAMS 0x00000000cdc00000, 0x00000000cdc00000|
|  48|0x00000000cdc00000, 0x00000000cdd00000, 0x00000000cdd00000|100%| O|  |TS  0|AC  0|TAMS 0x00000000cdd00000, 0x00000000cdd00000|
|  49|0x00000000cdd00000, 0x00000000cde00000, 0x00000000cde00000|100%| O|  |TS  0|AC  0|TAMS 0x00000000cdd00000, 0x00000000cde00000|
|  50|0x00000000cde00000, 0x00000000cdf00000, 0x00000000cdf00000|100%| O|  |TS  0|AC  0|TAMS 0x00000000cde00000, 0x00000000cdf00000|
|  51|0x00000000cdf00000, 0x00000000ce000000, 0x00000000ce000000|100%| O|  |TS  0|AC  0|TAMS 0x00000000cdf00000, 0x00000000ce000000|
|  52|0x00000000ce000000, 0x00000000ce100000, 0x00000000ce100000|100%| O|  |TS  0|AC  0|TAMS 0x00000000ce000000, 0x00000000ce100000|
|  53|0x00000000ce100000, 0x00000000ce200000, 0x00000000ce200000|100%| O|  |TS  1|AC  0|TAMS 0x00000000ce100000, 0x00000000ce200000|
|  54|0x00000000ce200000, 0x00000000ce300000, 0x00000000ce300000|100%| O|  |TS  1|AC  0|TAMS 0x00000000ce200000, 0x00000000ce300000|
|  55|0x00000000ce300000, 0x00000000ce400000, 0x00000000ce400000|100%| O|  |TS  1|AC  0|TAMS 0x00000000ce300000, 0x00000000ce400000|
|  56|0x00000000ce400000, 0x00000000ce500000, 0x00000000ce500000|100%| O|  |TS  1|AC  0|TAMS 0x00000000ce400000, 0x00000000ce500000|
|  57|0x00000000ce500000, 0x00000000ce600000, 0x00000000ce600000|100%| O|  |TS  3|AC  0|TAMS 0x00000000ce500000, 0x00000000ce600000|
|  58|0x00000000ce600000, 0x00000000ce700000, 0x00000000ce700000|100%| O|  |TS  3|AC  0|TAMS 0x00000000ce600000, 0x00000000ce700000|
|  59|0x00000000ce700000, 0x00000000ce800000, 0x00000000ce800000|100%| O|  |TS  3|AC  0|TAMS 0x00000000ce700000, 0x00000000ce800000|
|  60|0x00000000ce800000, 0x00000000ce900000, 0x00000000ce900000|100%| O|  |TS  3|AC  0|TAMS 0x00000000ce800000, 0x00000000ce900000|
|  61|0x00000000ce900000, 0x00000000cea00000, 0x00000000cea00000|100%| O|  |TS  3|AC  0|TAMS 0x00000000ce900000, 0x00000000cea00000|
|  62|0x00000000cea00000, 0x00000000ceb00000, 0x00000000ceb00000|100%| O|  |TS  3|AC  0|TAMS 0x00000000cea00000, 0x00000000ceb00000|
|  63|0x00000000ceb00000, 0x00000000cec00000, 0x00000000cec00000|100%| O|  |TS  3|AC  0|TAMS 0x00000000ceb00000, 0x00000000cec00000|
|  64|0x00000000cec00000, 0x00000000ced00000, 0x00000000ced00000|100%| O|  |TS  3|AC  0|TAMS 0x00000000cec00000, 0x00000000ced00000|
|  65|0x00000000ced00000, 0x00000000cee00000, 0x00000000cee00000|100%| O|  |TS  3|AC  0|TAMS 0x00000000ced00000, 0x00000000cee00000|
|  66|0x00000000cee00000, 0x00000000cef00000, 0x00000000cef00000|100%| O|  |TS  3|AC  0|TAMS 0x00000000cee00000, 0x00000000cef00000|
|  67|0x00000000cef00000, 0x00000000cf000000, 0x00000000cf000000|100%| O|  |TS  5|AC  0|TAMS 0x00000000cef00000, 0x00000000cf000000|
|  68|0x00000000cf000000, 0x00000000cf100000, 0x00000000cf100000|100%| O|  |TS  5|AC  0|TAMS 0x00000000cf000000, 0x00000000cf100000|
|  69|0x00000000cf100000, 0x00000000cf200000, 0x00000000cf200000|100%| O|  |TS  5|AC  0|TAMS 0x00000000cf100000, 0x00000000cf200000|
|  70|0x00000000cf200000, 0x00000000cf300000, 0x00000000cf300000|100%| O|  |TS  5|AC  0|TAMS 0x00000000cf200000, 0x00000000cf300000|
|  71|0x00000000cf300000, 0x00000000cf400000, 0x00000000cf400000|100%| O|  |TS  5|AC  0|TAMS 0x00000000cf300000, 0x00000000cf400000|
|  72|0x00000000cf400000, 0x00000000cf500000, 0x00000000cf500000|100%| O|  |TS  5|AC  0|TAMS 0x00000000cf400000, 0x00000000cf500000|
|  73|0x00000000cf500000, 0x00000000cf600000, 0x00000000cf600000|100%| O|  |TS  5|AC  0|TAMS 0x00000000cf500000, 0x00000000cf600000|
|  74|0x00000000cf600000, 0x00000000cf700000, 0x00000000cf700000|100%| O|  |TS  7|AC  0|TAMS 0x00000000cf600000, 0x00000000cf700000|
|  75|0x00000000cf700000, 0x00000000cf800000, 0x00000000cf800000|100%| O|  |TS  7|AC  0|TAMS 0x00000000cf700000, 0x00000000cf800000|
|  76|0x00000000cf800000, 0x00000000cf900000, 0x00000000cf900000|100%| O|  |TS  7|AC  0|TAMS 0x00000000cf800000, 0x00000000cf900000|
|  77|0x00000000cf900000, 0x00000000cfa00000, 0x00000000cfa00000|100%| O|  |TS  9|AC  0|TAMS 0x00000000cf900000, 0x00000000cf9a5000|
|  78|0x00000000cfa00000, 0x00000000cfb00000, 0x00000000cfb00000|100%| O|  |TS  9|AC  0|TAMS 0x00000000cfa00000, 0x00000000cfa00000|
|  79|0x00000000cfb00000, 0x00000000cfc00000, 0x00000000cfc00000|100%| O|  |TS  9|AC  0|TAMS 0x00000000cfb00000, 0x00000000cfb00000|
|  80|0x00000000cfc00000, 0x00000000cfc66a00, 0x00000000cfd00000| 40%| O|  |TS  9|AC  0|TAMS 0x00000000cfc00000, 0x00000000cfc00000|
|  81|0x00000000cfd00000, 0x00000000cfd00000, 0x00000000cfe00000|  0%| F|  |TS  1|AC  0|TAMS 0x00000000cfd00000, 0x00000000cfd00000|
|  82|0x00000000cfe00000, 0x00000000cfe00000, 0x00000000cff00000|  0%| F|  |TS  1|AC  0|TAMS 0x00000000cfe00000, 0x00000000cfe00000|
|  83|0x00000000cff00000, 0x00000000cff00000, 0x00000000d0000000|  0%| F|  |TS  1|AC  0|TAMS 0x00000000cff00000, 0x00000000cff00000|
|  84|0x00000000d0000000, 0x00000000d0000000, 0x00000000d0100000|  0%| F|  |TS  1|AC  0|TAMS 0x00000000d0000000, 0x00000000d0000000|
|  85|0x00000000d0100000, 0x00000000d0100000, 0x00000000d0200000|  0%| F|  |TS  1|AC  0|TAMS 0x00000000d0100000, 0x00000000d0100000|
|  86|0x00000000d0200000, 0x00000000d0200000, 0x00000000d0300000|  0%| F|  |TS  1|AC  0|TAMS 0x00000000d0200000, 0x00000000d0200000|
|  87|0x00000000d0300000, 0x00000000d0300000, 0x00000000d0400000|  0%| F|  |TS  1|AC  0|TAMS 0x00000000d0300000, 0x00000000d0300000|
|  88|0x00000000d0400000, 0x00000000d0400000, 0x00000000d0500000|  0%| F|  |TS  1|AC  0|TAMS 0x00000000d0400000, 0x00000000d0400000|
|  89|0x00000000d0500000, 0x00000000d0500000, 0x00000000d0600000|  0%| F|  |TS  1|AC  0|TAMS 0x00000000d0500000, 0x00000000d0500000|
|  90|0x00000000d0600000, 0x00000000d0600000, 0x00000000d0700000|  0%| F|  |TS  1|AC  0|TAMS 0x00000000d0600000, 0x00000000d0600000|
|  91|0x00000000d0700000, 0x00000000d0700000, 0x00000000d0800000|  0%| F|  |TS  1|AC  0|TAMS 0x00000000d0700000, 0x00000000d0700000|
|  92|0x00000000d0800000, 0x00000000d0800000, 0x00000000d0900000|  0%| F|  |TS  1|AC  0|TAMS 0x00000000d0800000, 0x00000000d0800000|
|  93|0x00000000d0900000, 0x00000000d0900000, 0x00000000d0a00000|  0%| F|  |TS  1|AC  0|TAMS 0x00000000d0900000, 0x00000000d0900000|
|  94|0x00000000d0a00000, 0x00000000d0a00000, 0x00000000d0b00000|  0%| F|  |TS  1|AC  0|TAMS 0x00000000d0a00000, 0x00000000d0a00000|
|  95|0x00000000d0b00000, 0x00000000d0b00000, 0x00000000d0c00000|  0%| F|  |TS  1|AC  0|TAMS 0x00000000d0b00000, 0x00000000d0b00000|
|  96|0x00000000d0c00000, 0x00000000d0c00000, 0x00000000d0d00000|  0%| F|  |TS  1|AC  0|TAMS 0x00000000d0c00000, 0x00000000d0c00000|
|  97|0x00000000d0d00000, 0x00000000d0d00000, 0x00000000d0e00000|  0%| F|  |TS  1|AC  0|TAMS 0x00000000d0d00000, 0x00000000d0d00000|
|  98|0x00000000d0e00000, 0x00000000d0e00000, 0x00000000d0f00000|  0%| F|  |TS  1|AC  0|TAMS 0x00000000d0e00000, 0x00000000d0e00000|
|  99|0x00000000d0f00000, 0x00000000d0f00000, 0x00000000d1000000|  0%| F|  |TS  1|AC  0|TAMS 0x00000000d0f00000, 0x00000000d0f00000|
| 100|0x00000000d1000000, 0x00000000d1000000, 0x00000000d1100000|  0%| F|  |TS  1|AC  0|TAMS 0x00000000d1000000, 0x00000000d1000000|
| 101|0x00000000d1100000, 0x00000000d1100000, 0x00000000d1200000|  0%| F|  |TS  1|AC  0|TAMS 0x00000000d1100000, 0x00000000d1100000|
| 102|0x00000000d1200000, 0x00000000d1200000, 0x00000000d1300000|  0%| F|  |TS  1|AC  0|TAMS 0x00000000d1200000, 0x00000000d1200000|
| 103|0x00000000d1300000, 0x00000000d1300000, 0x00000000d1400000|  0%| F|  |TS  1|AC  0|TAMS 0x00000000d1300000, 0x00000000d1300000|
| 104|0x00000000d1400000, 0x00000000d1400000, 0x00000000d1500000|  0%| F|  |TS  1|AC  0|TAMS 0x00000000d1400000, 0x00000000d1400000|
| 105|0x00000000d1500000, 0x00000000d1500000, 0x00000000d1600000|  0%| F|  |TS  1|AC  0|TAMS 0x00000000d1500000, 0x00000000d1500000|
| 106|0x00000000d1600000, 0x00000000d1600000, 0x00000000d1700000|  0%| F|  |TS  1|AC  0|TAMS 0x00000000d1600000, 0x00000000d1600000|
| 107|0x00000000d1700000, 0x00000000d1700000, 0x00000000d1800000|  0%| F|  |TS  1|AC  0|TAMS 0x00000000d1700000, 0x00000000d1700000|
| 108|0x00000000d1800000, 0x00000000d1800000, 0x00000000d1900000|  0%| F|  |TS  1|AC  0|TAMS 0x00000000d1800000, 0x00000000d1800000|
| 109|0x00000000d1900000, 0x00000000d1900000, 0x00000000d1a00000|  0%| F|  |TS  1|AC  0|TAMS 0x00000000d1900000, 0x00000000d1900000|
| 110|0x00000000d1a00000, 0x00000000d1a00000, 0x00000000d1b00000|  0%| F|  |TS  1|AC  0|TAMS 0x00000000d1a00000, 0x00000000d1a00000|
| 111|0x00000000d1b00000, 0x00000000d1b00000, 0x00000000d1c00000|  0%| F|  |TS  1|AC  0|TAMS 0x00000000d1b00000, 0x00000000d1b00000|
| 112|0x00000000d1c00000, 0x00000000d1c00000, 0x00000000d1d00000|  0%| F|  |TS  1|AC  0|TAMS 0x00000000d1c00000, 0x00000000d1c00000|
| 113|0x00000000d1d00000, 0x00000000d1d00000, 0x00000000d1e00000|  0%| F|  |TS  1|AC  0|TAMS 0x00000000d1d00000, 0x00000000d1d00000|
| 114|0x00000000d1e00000, 0x00000000d1e00000, 0x00000000d1f00000|  0%| F|  |TS  1|AC  0|TAMS 0x00000000d1e00000, 0x00000000d1e00000|
| 115|0x00000000d1f00000, 0x00000000d1f00000, 0x00000000d2000000|  0%| F|  |TS  1|AC  0|TAMS 0x00000000d1f00000, 0x00000000d1f00000|
| 116|0x00000000d2000000, 0x00000000d2000000, 0x00000000d2100000|  0%| F|  |TS  1|AC  0|TAMS 0x00000000d2000000, 0x00000000d2000000|
| 117|0x00000000d2100000, 0x00000000d2100000, 0x00000000d2200000|  0%| F|  |TS  1|AC  0|TAMS 0x00000000d2100000, 0x00000000d2100000|
| 118|0x00000000d2200000, 0x00000000d2200000, 0x00000000d2300000|  0%| F|  |TS  1|AC  0|TAMS 0x00000000d2200000, 0x00000000d2200000|
| 119|0x00000000d2300000, 0x00000000d2300000, 0x00000000d2400000|  0%| F|  |TS  1|AC  0|TAMS 0x00000000d2300000, 0x00000000d2300000|
| 120|0x00000000d2400000, 0x00000000d2400000, 0x00000000d2500000|  0%| F|  |TS  1|AC  0|TAMS 0x00000000d2400000, 0x00000000d2400000|
| 121|0x00000000d2500000, 0x00000000d2500000, 0x00000000d2600000|  0%| F|  |TS  1|AC  0|TAMS 0x00000000d2500000, 0x00000000d2500000|
| 122|0x00000000d2600000, 0x00000000d2600000, 0x00000000d2700000|  0%| F|  |TS  1|AC  0|TAMS 0x00000000d2600000, 0x00000000d2600000|
| 123|0x00000000d2700000, 0x00000000d2700000, 0x00000000d2800000|  0%| F|  |TS  1|AC  0|TAMS 0x00000000d2700000, 0x00000000d2700000|
| 124|0x00000000d2800000, 0x00000000d2800000, 0x00000000d2900000|  0%| F|  |TS  1|AC  0|TAMS 0x00000000d2800000, 0x00000000d2800000|
| 125|0x00000000d2900000, 0x00000000d2900000, 0x00000000d2a00000|  0%| F|  |TS  1|AC  0|TAMS 0x00000000d2900000, 0x00000000d2900000|
| 126|0x00000000d2a00000, 0x00000000d2a00000, 0x00000000d2b00000|  0%| F|  |TS  1|AC  0|TAMS 0x00000000d2a00000, 0x00000000d2a00000|
| 127|0x00000000d2b00000, 0x00000000d2b00000, 0x00000000d2c00000|  0%| F|  |TS  1|AC  0|TAMS 0x00000000d2b00000, 0x00000000d2b00000|
| 128|0x00000000d2c00000, 0x00000000d2c00000, 0x00000000d2d00000|  0%| F|  |TS  1|AC  0|TAMS 0x00000000d2c00000, 0x00000000d2c00000|
| 129|0x00000000d2d00000, 0x00000000d2d00000, 0x00000000d2e00000|  0%| F|  |TS  1|AC  0|TAMS 0x00000000d2d00000, 0x00000000d2d00000|
| 130|0x00000000d2e00000, 0x00000000d2e00000, 0x00000000d2f00000|  0%| F|  |TS  1|AC  0|TAMS 0x00000000d2e00000, 0x00000000d2e00000|
| 131|0x00000000d2f00000, 0x00000000d2f00000, 0x00000000d3000000|  0%| F|  |TS  5|AC  0|TAMS 0x00000000d2f00000, 0x00000000d2f00000|
| 132|0x00000000d3000000, 0x00000000d3000000, 0x00000000d3100000|  0%| F|  |TS  5|AC  0|TAMS 0x00000000d3000000, 0x00000000d3000000|
| 133|0x00000000d3100000, 0x00000000d3100000, 0x00000000d3200000|  0%| F|  |TS  5|AC  0|TAMS 0x00000000d3100000, 0x00000000d3100000|
| 134|0x00000000d3200000, 0x00000000d3200000, 0x00000000d3300000|  0%| F|  |TS  5|AC  0|TAMS 0x00000000d3200000, 0x00000000d3200000|
| 135|0x00000000d3300000, 0x00000000d3300000, 0x00000000d3400000|  0%| F|  |TS  3|AC  0|TAMS 0x00000000d3300000, 0x00000000d3300000|
| 136|0x00000000d3400000, 0x00000000d3400000, 0x00000000d3500000|  0%| F|  |TS  3|AC  0|TAMS 0x00000000d3400000, 0x00000000d3400000|
| 137|0x00000000d3500000, 0x00000000d3500000, 0x00000000d3600000|  0%| F|  |TS  3|AC  0|TAMS 0x00000000d3500000, 0x00000000d3500000|
| 138|0x00000000d3600000, 0x00000000d3600000, 0x00000000d3700000|  0%| F|  |TS  3|AC  0|TAMS 0x00000000d3600000, 0x00000000d3600000|
| 139|0x00000000d3700000, 0x00000000d3700000, 0x00000000d3800000|  0%| F|  |TS  3|AC  0|TAMS 0x00000000d3700000, 0x00000000d3700000|
| 140|0x00000000d3800000, 0x00000000d3800000, 0x00000000d3900000|  0%| F|  |TS  3|AC  0|TAMS 0x00000000d3800000, 0x00000000d3800000|
| 141|0x00000000d3900000, 0x00000000d3900000, 0x00000000d3a00000|  0%| F|  |TS  3|AC  0|TAMS 0x00000000d3900000, 0x00000000d3900000|
| 142|0x00000000d3a00000, 0x00000000d3a00000, 0x00000000d3b00000|  0%| F|  |TS  3|AC  0|TAMS 0x00000000d3a00000, 0x00000000d3a00000|
| 143|0x00000000d3b00000, 0x00000000d3b00000, 0x00000000d3c00000|  0%| F|  |TS  3|AC  0|TAMS 0x00000000d3b00000, 0x00000000d3b00000|
| 144|0x00000000d3c00000, 0x00000000d3c00000, 0x00000000d3d00000|  0%| F|  |TS  3|AC  0|TAMS 0x00000000d3c00000, 0x00000000d3c00000|
| 145|0x00000000d3d00000, 0x00000000d3d00000, 0x00000000d3e00000|  0%| F|  |TS  3|AC  0|TAMS 0x00000000d3d00000, 0x00000000d3d00000|
| 146|0x00000000d3e00000, 0x00000000d3e00000, 0x00000000d3f00000|  0%| F|  |TS  3|AC  0|TAMS 0x00000000d3e00000, 0x00000000d3e00000|
| 147|0x00000000d3f00000, 0x00000000d3f00000, 0x00000000d4000000|  0%| F|  |TS  3|AC  0|TAMS 0x00000000d3f00000, 0x00000000d3f00000|
| 148|0x00000000d4000000, 0x00000000d4000000, 0x00000000d4100000|  0%| F|  |TS  3|AC  0|TAMS 0x00000000d4000000, 0x00000000d4000000|
| 149|0x00000000d4100000, 0x00000000d4100000, 0x00000000d4200000|  0%| F|  |TS  3|AC  0|TAMS 0x00000000d4100000, 0x00000000d4100000|
| 150|0x00000000d4200000, 0x00000000d4200000, 0x00000000d4300000|  0%| F|  |TS  3|AC  0|TAMS 0x00000000d4200000, 0x00000000d4200000|
| 151|0x00000000d4300000, 0x00000000d4300000, 0x00000000d4400000|  0%| F|  |TS  3|AC  0|TAMS 0x00000000d4300000, 0x00000000d4300000|
| 152|0x00000000d4400000, 0x00000000d4400000, 0x00000000d4500000|  0%| F|  |TS  3|AC  0|TAMS 0x00000000d4400000, 0x00000000d4400000|
| 153|0x00000000d4500000, 0x00000000d4600000, 0x00000000d4600000|100%| S|CS|TS  9|AC  0|TAMS 0x00000000d4500000, 0x00000000d4500000|
| 154|0x00000000d4600000, 0x00000000d4700000, 0x00000000d4700000|100%| S|CS|TS  9|AC  0|TAMS 0x00000000d4600000, 0x00000000d4600000|
| 155|0x00000000d4700000, 0x00000000d4700000, 0x00000000d4800000|  0%| F|  |TS  9|AC  0|TAMS 0x00000000d4700000, 0x00000000d4700000|
| 156|0x00000000d4800000, 0x00000000d4800000, 0x00000000d4900000|  0%| F|  |TS  9|AC  0|TAMS 0x00000000d4800000, 0x00000000d4800000|
| 157|0x00000000d4900000, 0x00000000d4900000, 0x00000000d4a00000|  0%| F|  |TS  9|AC  0|TAMS 0x00000000d4900000, 0x00000000d4900000|
| 158|0x00000000d4a00000, 0x00000000d4a00000, 0x00000000d4b00000|  0%| F|  |TS  9|AC  0|TAMS 0x00000000d4a00000, 0x00000000d4a00000|
| 159|0x00000000d4b00000, 0x00000000d4b00000, 0x00000000d4c00000|  0%| F|  |TS  9|AC  0|TAMS 0x00000000d4b00000, 0x00000000d4b00000|
| 160|0x00000000d4c00000, 0x00000000d4c00000, 0x00000000d4d00000|  0%| F|  |TS  9|AC  0|TAMS 0x00000000d4c00000, 0x00000000d4c00000|
| 161|0x00000000d4d00000, 0x00000000d4d00000, 0x00000000d4e00000|  0%| F|  |TS  9|AC  0|TAMS 0x00000000d4d00000, 0x00000000d4d00000|
| 162|0x00000000d4e00000, 0x00000000d4e00000, 0x00000000d4f00000|  0%| F|  |TS  9|AC  0|TAMS 0x00000000d4e00000, 0x00000000d4e00000|
| 163|0x00000000d4f00000, 0x00000000d4f00000, 0x00000000d5000000|  0%| F|  |TS  9|AC  0|TAMS 0x00000000d4f00000, 0x00000000d4f00000|

Card table byte_map: [0x00007f9a390dc000,0x00007f9a39286000] byte_map_base: 0x00007f9a38a86000

Marking Bits (Prev, Next): (CMBitMap*) 0x00007f9a34064040, (CMBitMap*) 0x00007f9a34064078
 Prev Bits: [0x00007f9a381e2000, 0x00007f9a38f32000)
 Next Bits: [0x00007f9a1ace5000, 0x00007f9a1ba35000)

Polling page: 0x00007f9a3e085000

CodeHeap 'non-profiled nmethods': size=120032Kb used=644Kb max_used=644Kb free=119387Kb
 bounds [0x00007f9a234fd000, 0x00007f9a2376d000, 0x00007f9a2aa35000]
CodeHeap 'profiled nmethods': size=120032Kb used=3304Kb max_used=3304Kb free=116728Kb
 bounds [0x00007f9a1bfc5000, 0x00007f9a1c305000, 0x00007f9a234fd000]
CodeHeap 'non-nmethods': size=5696Kb used=1215Kb max_used=1246Kb free=4480Kb
 bounds [0x00007f9a1ba35000, 0x00007f9a1bca5000, 0x00007f9a1bfc5000]
 total_blobs=2544 nmethods=1735 adapters=299
 compilation: enabled

Compilation events (10 events):
Event: 51.463 Thread 0x00007f9a34151000 nmethod 1752 0x00007f9a2359c810 code [0x00007f9a2359c9c0, 0x00007f9a2359cf98]
Event: 51.463 Thread 0x00007f9a34151000 1754       4       com.google.common.collect.CollectCollectors$$Lambda$56/1890047251::get (4 bytes)
Event: 51.467 Thread 0x00007f9a34151000 nmethod 1754 0x00007f9a2359d190 code [0x00007f9a2359d320, 0x00007f9a2359d4d8]
Event: 51.468 Thread 0x00007f9a34151000 1755       4       com.google.common.collect.CollectCollectors$$Lambda$59/1337685230::apply (8 bytes)
Event: 51.472 Thread 0x00007f9a34155000 1776       2       org.javacomp.logging.JLogger::findCallerStackTraceElement (77 bytes)
Event: 51.474 Thread 0x00007f9a34155000 nmethod 1776 0x00007f9a1c2fe890 code [0x00007f9a1c2fea80, 0x00007f9a1c2fede8]
Event: 51.481 Thread 0x00007f9a34151000 nmethod 1755 0x00007f9a2359d610 code [0x00007f9a2359d7e0, 0x00007f9a2359dc18]
Event: 51.482 Thread 0x00007f9a34151000 1775       4       com.google.common.collect.AbstractMapBasedMultimap$AsMap$AsMapIterator::hasNext (10 bytes)
Event: 51.484 Thread 0x00007f9a34151000 nmethod 1775 0x00007f9a2359de90 code [0x00007f9a2359e020, 0x00007f9a2359e0d8]
Event: 51.484 Thread 0x00007f9a34151000 1753       4       org.javacomp.storage.IndexStore::deserializeTypeParameters (37 bytes)

GC Heap History (10 events):
Event: 48.254 GC heap after
{Heap after GC invocations=18 (full 0):
 garbage-first heap   total 88064K, used 56727K [0x00000000cac00000, 0x00000000cad002b0, 0x0000000100000000)
  region size 1024K, 2 young (2048K), 2 survivors (2048K)
 Metaspace       used 13761K, capacity 14238K, committed 14336K, reserved 1062912K
  class space    used 1355K, capacity 1461K, committed 1536K, reserved 1048576K
}
Event: 48.390 GC heap before
{Heap before GC invocations=19 (full 0):
 garbage-first heap   total 88064K, used 65943K [0x00000000cac00000, 0x00000000cad002b0, 0x0000000100000000)
  region size 1024K, 11 young (11264K), 2 survivors (2048K)
 Metaspace       used 13769K, capacity 14238K, committed 14336K, reserved 1062912K
  class space    used 1355K, capacity 1461K, committed 1536K, reserved 1048576K
}
Event: 48.425 GC heap after
{Heap after GC invocations=20 (full 0):
 garbage-first heap   total 167936K, used 61022K [0x00000000cac00000, 0x00000000cad00520, 0x0000000100000000)
  region size 1024K, 2 young (2048K), 2 survivors (2048K)
 Metaspace       used 13769K, capacity 14238K, committed 14336K, reserved 1062912K
  class space    used 1355K, capacity 1461K, committed 1536K, reserved 1048576K
}
Event: 49.296 GC heap before
{Heap before GC invocations=20 (full 0):
 garbage-first heap   total 167936K, used 90718K [0x00000000cac00000, 0x00000000cad00520, 0x0000000100000000)
  region size 1024K, 31 young (31744K), 2 survivors (2048K)
 Metaspace       used 13797K, capacity 14238K, committed 14336K, reserved 1062912K
  class space    used 1355K, capacity 1461K, committed 1536K, reserved 1048576K
}
Event: 50.387 GC heap after
{Heap after GC invocations=21 (full 0):
 garbage-first heap   total 167936K, used 73097K [0x00000000cac00000, 0x00000000cad00520, 0x0000000100000000)
  region size 1024K, 4 young (4096K), 4 survivors (4096K)
 Metaspace       used 13797K, capacity 14238K, committed 14336K, reserved 1062912K
  class space    used 1355K, capacity 1461K, committed 1536K, reserved 1048576K
}
Event: 50.472 GC heap before
{Heap before GC invocations=21 (full 0):
 garbage-first heap   total 167936K, used 81289K [0x00000000cac00000, 0x00000000cad00520, 0x0000000100000000)
  region size 1024K, 12 young (12288K), 4 survivors (4096K)
 Metaspace       used 13798K, capacity 14238K, committed 14336K, reserved 1062912K
  class space    used 1355K, capacity 1461K, committed 1536K, reserved 1048576K
}
Event: 51.280 GC heap after
{Heap after GC invocations=22 (full 0):
 garbage-first heap   total 167936K, used 77824K [0x00000000cac00000, 0x00000000cad00520, 0x0000000100000000)
  region size 1024K, 2 young (2048K), 2 survivors (2048K)
 Metaspace       used 13798K, capacity 14238K, committed 14336K, reserved 1062912K
  class space    used 1355K, capacity 1461K, committed 1536K, reserved 1048576K
}
Event: 51.393 GC heap before
{Heap before GC invocations=22 (full 0):
 garbage-first heap   total 167936K, used 83968K [0x00000000cac00000, 0x00000000cad00520, 0x0000000100000000)
  region size 1024K, 8 young (8192K), 2 survivors (2048K)
 Metaspace       used 13799K, capacity 14238K, committed 14336K, reserved 1062912K
  class space    used 1355K, capacity 1461K, committed 1536K, reserved 1048576K
}
Event: 51.417 GC heap after
{Heap after GC invocations=23 (full 0):
 garbage-first heap   total 167936K, used 80532K [0x00000000cac00000, 0x00000000cad00520, 0x0000000100000000)
  region size 1024K, 1 young (1024K), 1 survivors (1024K)
 Metaspace       used 13799K, capacity 14238K, committed 14336K, reserved 1062912K
  class space    used 1355K, capacity 1461K, committed 1536K, reserved 1048576K
}
Event: 51.544 GC heap before
{Heap before GC invocations=23 (full 0):
 garbage-first heap   total 167936K, used 88724K [0x00000000cac00000, 0x00000000cad00520, 0x0000000100000000)
  region size 1024K, 9 young (9216K), 1 survivors (1024K)
 Metaspace       used 13801K, capacity 14238K, committed 14336K, reserved 1062912K
  class space    used 1355K, capacity 1461K, committed 1536K, reserved 1048576K
}

Deoptimization events (10 events):
Event: 44.273 Thread 0x00007f9a342a2800 Uncommon trap: reason=unstable_if action=reinterpret pc=0x00007f9a23536df4 method=java.util.concurrent.ConcurrentHashMap.get(Ljava/lang/Object;)Ljava/lang/Object; @ 76 c2
Event: 46.441 Thread 0x00007f99b4114000 Uncommon trap: reason=unstable_if action=reinterpret pc=0x00007f9a2355e7c0 method=java.io.BufferedReader.read([CII)I @ 90 c2
Event: 46.441 Thread 0x00007f99b4114000 Uncommon trap: reason=unstable_if action=reinterpret pc=0x00007f9a23546888 method=com.google.gson.stream.JsonReader.doPeek()I @ 315 c2
Event: 46.441 Thread 0x00007f99b4114000 Uncommon trap: reason=unstable_if action=reinterpret pc=0x00007f9a23564940 method=java.util.zip.InflaterInputStream.read([BII)I @ 69 c2
Event: 46.441 Thread 0x00007f99b4114000 Uncommon trap: reason=unstable_if action=reinterpret pc=0x00007f9a2355c100 method=java.io.BufferedReader.fill()V @ 154 c2
Event: 47.719 Thread 0x00007f99b4114000 Uncommon trap: reason=predicate action=maybe_recompile pc=0x00007f9a2357bca4 method=java.util.AbstractCollection.toArray([Ljava/lang/Object;)[Ljava/lang/Object; @ 46 c2
Event: 47.775 Thread 0x00007f99b4114000 Uncommon trap: reason=array_check action=maybe_recompile pc=0x00007f9a2357dc20 method=java.util.AbstractCollection.toArray([Ljava/lang/Object;)[Ljava/lang/Object; @ 116 c2
Event: 47.777 Thread 0x00007f99b4114000 Uncommon trap: reason=array_check action=maybe_recompile pc=0x00007f9a2357dc20 method=java.util.AbstractCollection.toArray([Ljava/lang/Object;)[Ljava/lang/Object; @ 116 c2
Event: 47.777 Thread 0x00007f99b4114000 Uncommon trap: reason=array_check action=maybe_recompile pc=0x00007f9a2357dc20 method=java.util.AbstractCollection.toArray([Ljava/lang/Object;)[Ljava/lang/Object; @ 116 c2
Event: 47.777 Thread 0x00007f99b4114000 Uncommon trap: reason=array_check action=maybe_recompile pc=0x00007f9a2357dc20 method=java.util.AbstractCollection.toArray([Ljava/lang/Object;)[Ljava/lang/Object; @ 116 c2

Classes redefined (0 events):
No events

Internal exceptions (10 events):
Event: 38.301 Thread 0x00007f99b406f800 Exception <a 'sun/nio/fs/UnixException'{0x00000000cd84e7d0}> (0x00000000cd84e7d0) thrown at [/build/openjdk-9-xkOtCi/openjdk-9-9~b181/src/hotspot/src/share/vm/prims/jni.cpp, line 604]
Event: 38.335 Thread 0x00007f99b406f800 Exception <a 'sun/nio/fs/UnixException'{0x00000000cd84e948}> (0x00000000cd84e948) thrown at [/build/openjdk-9-xkOtCi/openjdk-9-9~b181/src/hotspot/src/share/vm/prims/jni.cpp, line 604]
Event: 38.371 Thread 0x00007f99b406f800 Exception <a 'sun/nio/fs/UnixException'{0x00000000cd84eac0}> (0x00000000cd84eac0) thrown at [/build/openjdk-9-xkOtCi/openjdk-9-9~b181/src/hotspot/src/share/vm/prims/jni.cpp, line 604]
Event: 38.391 Thread 0x00007f99b406f800 Exception <a 'sun/nio/fs/UnixException'{0x00000000cd84ec38}> (0x00000000cd84ec38) thrown at [/build/openjdk-9-xkOtCi/openjdk-9-9~b181/src/hotspot/src/share/vm/prims/jni.cpp, line 604]
Event: 38.394 Thread 0x00007f99b406f800 Exception <a 'sun/nio/fs/UnixException'{0x00000000cd84edb0}> (0x00000000cd84edb0) thrown at [/build/openjdk-9-xkOtCi/openjdk-9-9~b181/src/hotspot/src/share/vm/prims/jni.cpp, line 604]
Event: 38.405 Thread 0x00007f99b406f800 Exception <a 'sun/nio/fs/UnixException'{0x00000000cd84ef28}> (0x00000000cd84ef28) thrown at [/build/openjdk-9-xkOtCi/openjdk-9-9~b181/src/hotspot/src/share/vm/prims/jni.cpp, line 604]
Event: 38.408 Thread 0x00007f99b406f800 Exception <a 'sun/nio/fs/UnixException'{0x00000000cd84f0a0}> (0x00000000cd84f0a0) thrown at [/build/openjdk-9-xkOtCi/openjdk-9-9~b181/src/hotspot/src/share/vm/prims/jni.cpp, line 604]
Event: 38.479 Thread 0x00007f99b406f800 Exception <a 'sun/nio/fs/UnixException'{0x00000000cd84f218}> (0x00000000cd84f218) thrown at [/build/openjdk-9-xkOtCi/openjdk-9-9~b181/src/hotspot/src/share/vm/prims/jni.cpp, line 604]
Event: 38.537 Thread 0x00007f99b406f800 Exception <a 'sun/nio/fs/UnixException'{0x00000000cd84f390}> (0x00000000cd84f390) thrown at [/build/openjdk-9-xkOtCi/openjdk-9-9~b181/src/hotspot/src/share/vm/prims/jni.cpp, line 604]
Event: 42.941 Thread 0x00007f99b4114000 Exception <a 'java/lang/NoSuchMethodError'{0x00000000cd5e2ea8}: method resolution failed> (0x00000000cd5e2ea8) thrown at [/build/openjdk-9-xkOtCi/openjdk-9-9~b181/src/hotspot/src/share/vm/prims/methodHandles.cpp, line 1256]

Events (10 events):
Event: 48.356 Executing VM operation: CGC_Operation done
Event: 48.390 Executing VM operation: G1IncCollectionPause
Event: 48.425 Executing VM operation: G1IncCollectionPause done
Event: 49.295 Executing VM operation: G1IncCollectionPause
Event: 50.387 Executing VM operation: G1IncCollectionPause done
Event: 50.472 Executing VM operation: G1IncCollectionPause
Event: 51.280 Executing VM operation: G1IncCollectionPause done
Event: 51.392 Executing VM operation: G1IncCollectionPause
Event: 51.417 Executing VM operation: G1IncCollectionPause done
Event: 51.543 Executing VM operation: G1IncCollectionPause


Dynamic libraries:
cac00000-d5000000 rw-p 00000000 00:00 0 
e6400000-100000000 ---p 00000000 00:00 0 
100000000-100180000 rw-p 00000000 00:00 0 
100180000-140000000 ---p 00000000 00:00 0 
557d5da3a000-557d5da3b000 r-xp 00000000 08:06 2378390                    /usr/lib/jvm/java-9-openjdk-amd64/bin/java
557d5dc3b000-557d5dc3c000 r--p 00001000 08:06 2378390                    /usr/lib/jvm/java-9-openjdk-amd64/bin/java
557d5dc3c000-557d5dc3d000 rw-p 00002000 08:06 2378390                    /usr/lib/jvm/java-9-openjdk-amd64/bin/java
557d5f146000-557d5f167000 rw-p 00000000 00:00 0                          [heap]
7f99ac000000-7f99ac0a2000 rw-p 00000000 00:00 0 
7f99ac0a2000-7f99b0000000 ---p 00000000 00:00 0 
7f99b0000000-7f99b0021000 rw-p 00000000 00:00 0 
7f99b0021000-7f99b4000000 ---p 00000000 00:00 0 
7f99b4000000-7f99b411f000 rw-p 00000000 00:00 0 
7f99b411f000-7f99b8000000 ---p 00000000 00:00 0 
7f99b8000000-7f99b8021000 rw-p 00000000 00:00 0 
7f99b8021000-7f99bc000000 ---p 00000000 00:00 0 
7f99bc000000-7f99bc021000 rw-p 00000000 00:00 0 
7f99bc021000-7f99c0000000 ---p 00000000 00:00 0 
7f99c0000000-7f99c0021000 rw-p 00000000 00:00 0 
7f99c0021000-7f99c4000000 ---p 00000000 00:00 0 
7f99c4000000-7f99c4021000 rw-p 00000000 00:00 0 
7f99c4021000-7f99c8000000 ---p 00000000 00:00 0 
7f99c8000000-7f99c8021000 rw-p 00000000 00:00 0 
7f99c8021000-7f99cc000000 ---p 00000000 00:00 0 
7f99cc000000-7f99cc876000 rw-p 00000000 00:00 0 
7f99cc876000-7f99d0000000 ---p 00000000 00:00 0 
7f99d0000000-7f99d0281000 rw-p 00000000 00:00 0 
7f99d0281000-7f99d4000000 ---p 00000000 00:00 0 
7f99d4000000-7f99d4021000 rw-p 00000000 00:00 0 
7f99d4021000-7f99d8000000 ---p 00000000 00:00 0 
7f99d8000000-7f99d87d8000 rw-p 00000000 00:00 0 
7f99d87d8000-7f99dc000000 ---p 00000000 00:00 0 
7f99dc000000-7f99dc021000 rw-p 00000000 00:00 0 
7f99dc021000-7f99e0000000 ---p 00000000 00:00 0 
7f99e0000000-7f99e0021000 rw-p 00000000 00:00 0 
7f99e0021000-7f99e4000000 ---p 00000000 00:00 0 
7f99e4000000-7f99e4062000 rw-p 00000000 00:00 0 
7f99e4062000-7f99e8000000 ---p 00000000 00:00 0 
7f99ea2cb000-7f99ea34b000 rw-p 00000000 00:00 0 
7f99ea34b000-7f99ea4cb000 ---p 00000000 00:00 0 
7f99ea4cb000-7f99ea4cf000 ---p 00000000 00:00 0 
7f99ea4cf000-7f99ea5cc000 rw-p 00000000 00:00 0 
7f99ea5cc000-7f99ea5d0000 ---p 00000000 00:00 0 
7f99ea5d0000-7f99ea8cd000 rw-p 00000000 00:00 0 
7f99ea8cd000-7f99ea8d1000 ---p 00000000 00:00 0 
7f99ea8d1000-7f99eabce000 rw-p 00000000 00:00 0 
7f99eabce000-7f99eabd2000 ---p 00000000 00:00 0 
7f99eabd2000-7f99eaccf000 rw-p 00000000 00:00 0 
7f99eaccf000-7f99eacd0000 ---p 00000000 00:00 0 
7f99eacd0000-7f99eadd0000 rw-p 00000000 00:00 0 
7f99eadd0000-7f99eadd4000 ---p 00000000 00:00 0 
7f99eadd4000-7f99eaed1000 rw-p 00000000 00:00 0 
7f99eaed1000-7f99eaed5000 ---p 00000000 00:00 0 
7f99eaed5000-7f99eafd2000 rw-p 00000000 00:00 0 
7f99eafd2000-7f99eafe9000 r-xp 00000000 08:06 2380531                    /usr/lib/jvm/java-9-openjdk-amd64/lib/libnet.so
7f99eafe9000-7f99eb1e8000 ---p 00017000 08:06 2380531                    /usr/lib/jvm/java-9-openjdk-amd64/lib/libnet.so
7f99eb1e8000-7f99eb1e9000 r--p 00016000 08:06 2380531                    /usr/lib/jvm/java-9-openjdk-amd64/lib/libnet.so
7f99eb1e9000-7f99eb1ea000 rw-p 00017000 08:06 2380531                    /usr/lib/jvm/java-9-openjdk-amd64/lib/libnet.so
7f99eb1ea000-7f99eb1fb000 r-xp 00000000 08:06 2380532                    /usr/lib/jvm/java-9-openjdk-amd64/lib/libnio.so
7f99eb1fb000-7f99eb3fa000 ---p 00011000 08:06 2380532                    /usr/lib/jvm/java-9-openjdk-amd64/lib/libnio.so
7f99eb3fa000-7f99eb3fb000 r--p 00010000 08:06 2380532                    /usr/lib/jvm/java-9-openjdk-amd64/lib/libnio.so
7f99eb3fb000-7f99eb3fc000 rw-p 00011000 08:06 2380532                    /usr/lib/jvm/java-9-openjdk-amd64/lib/libnio.so
7f99eb3fc000-7f99eb400000 ---p 00000000 00:00 0 
7f99eb400000-7f99eb4fd000 rw-p 00000000 00:00 0 
7f99eb4fd000-7f99eb501000 ---p 00000000 00:00 0 
7f99eb501000-7f99eb5fe000 rw-p 00000000 00:00 0 
7f99eb5fe000-7f99eb602000 ---p 00000000 00:00 0 
7f99eb602000-7f99eb6ff000 rw-p 00000000 00:00 0 
7f99eb6ff000-7f99eb703000 ---p 00000000 00:00 0 
7f99eb703000-7f99ec000000 rw-p 00000000 00:00 0 
7f99ec000000-7f99ec021000 rw-p 00000000 00:00 0 
7f99ec021000-7f99f0000000 ---p 00000000 00:00 0 
7f99f0000000-7f99f0021000 rw-p 00000000 00:00 0 
7f99f0021000-7f99f4000000 ---p 00000000 00:00 0 
7f99f4000000-7f99f4022000 rw-p 00000000 00:00 0 
7f99f4022000-7f99f8000000 ---p 00000000 00:00 0 
7f99f8000000-7f99f8021000 rw-p 00000000 00:00 0 
7f99f8021000-7f99fc000000 ---p 00000000 00:00 0 
7f99fc000000-7f99fc021000 rw-p 00000000 00:00 0 
7f99fc021000-7f9a00000000 ---p 00000000 00:00 0 
7f9a00000000-7f9a00021000 rw-p 00000000 00:00 0 
7f9a00021000-7f9a04000000 ---p 00000000 00:00 0 
7f9a04000000-7f9a04021000 rw-p 00000000 00:00 0 
7f9a04021000-7f9a08000000 ---p 00000000 00:00 0 
7f9a08000000-7f9a08021000 rw-p 00000000 00:00 0 
7f9a08021000-7f9a0c000000 ---p 00000000 00:00 0 
7f9a0c000000-7f9a0c021000 rw-p 00000000 00:00 0 
7f9a0c021000-7f9a10000000 ---p 00000000 00:00 0 
7f9a10000000-7f9a10021000 rw-p 00000000 00:00 0 
7f9a10021000-7f9a14000000 ---p 00000000 00:00 0 
7f9a14000000-7f9a14021000 rw-p 00000000 00:00 0 
7f9a14021000-7f9a18000000 ---p 00000000 00:00 0 
7f9a18100000-7f9a18104000 ---p 00000000 00:00 0 
7f9a18104000-7f9a18201000 rw-p 00000000 00:00 0 
7f9a18201000-7f9a184dd000 r--p 00000000 08:06 2361011                    /usr/lib/locale/locale-archive
7f9a184dd000-7f9a184e1000 ---p 00000000 00:00 0 
7f9a184e1000-7f9a185de000 rw-p 00000000 00:00 0 
7f9a185de000-7f9a185e2000 ---p 00000000 00:00 0 
7f9a185e2000-7f9a186df000 rw-p 00000000 00:00 0 
7f9a186df000-7f9a186e0000 ---p 00000000 00:00 0 
7f9a186e0000-7f9a18be4000 rw-p 00000000 00:00 0 
7f9a18be4000-7f9a1abe4000 rwxp 00000000 00:00 0 
7f9a1abe4000-7f9a1abe5000 ---p 00000000 00:00 0 
7f9a1abe5000-7f9a1af75000 rw-p 00000000 00:00 0 
7f9a1af75000-7f9a1ba35000 ---p 00000000 00:00 0 
7f9a1ba35000-7f9a1bca5000 rwxp 00000000 00:00 0 
7f9a1bca5000-7f9a1bfc5000 ---p 00000000 00:00 0 
7f9a1bfc5000-7f9a1c305000 rwxp 00000000 00:00 0 
7f9a1c305000-7f9a234fd000 ---p 00000000 00:00 0 
7f9a234fd000-7f9a2376d000 rwxp 00000000 00:00 0 
7f9a2376d000-7f9a2aa35000 ---p 00000000 00:00 0 
7f9a2aa35000-7f9a34000000 r--s 00000000 08:06 2380541                    /usr/lib/jvm/java-9-openjdk-amd64/lib/modules
7f9a34000000-7f9a3437a000 rw-p 00000000 00:00 0 
7f9a3437a000-7f9a38000000 ---p 00000000 00:00 0 
7f9a3806b000-7f9a380e1000 rw-p 00000000 00:00 0 
7f9a380e1000-7f9a380e2000 ---p 00000000 00:00 0 
7f9a380e2000-7f9a38472000 rw-p 00000000 00:00 0 
7f9a38472000-7f9a38f32000 ---p 00000000 00:00 0 
7f9a38f32000-7f9a38f84000 rw-p 00000000 00:00 0 
7f9a38f84000-7f9a390dc000 ---p 00000000 00:00 0 
7f9a390dc000-7f9a3912e000 rw-p 00000000 00:00 0 
7f9a3912e000-7f9a39430000 ---p 00000000 00:00 0 
7f9a39430000-7f9a39482000 rw-p 00000000 00:00 0 
7f9a39482000-7f9a395da000 ---p 00000000 00:00 0 
7f9a395da000-7f9a395db000 ---p 00000000 00:00 0 
7f9a395db000-7f9a396db000 rw-p 00000000 00:00 0 
7f9a396db000-7f9a396dc000 ---p 00000000 00:00 0 
7f9a396dc000-7f9a397dc000 rw-p 00000000 00:00 0 
7f9a397dc000-7f9a397dd000 ---p 00000000 00:00 0 
7f9a397dd000-7f9a398dd000 rw-p 00000000 00:00 0 
7f9a398dd000-7f9a398de000 ---p 00000000 00:00 0 
7f9a398de000-7f9a399de000 rw-p 00000000 00:00 0 
7f9a399de000-7f9a399df000 ---p 00000000 00:00 0 
7f9a399df000-7f9a39ee3000 rw-p 00000000 00:00 0 
7f9a39ee3000-7f9a39ee4000 ---p 00000000 00:00 0 
7f9a39ee4000-7f9a39fe4000 rw-p 00000000 00:00 0 
7f9a39fe4000-7f9a39fe5000 ---p 00000000 00:00 0 
7f9a39fe5000-7f9a3a0e5000 rw-p 00000000 00:00 0 
7f9a3a0e5000-7f9a3a0e6000 ---p 00000000 00:00 0 
7f9a3a0e6000-7f9a3a1e6000 rw-p 00000000 00:00 0 
7f9a3a1e6000-7f9a3a1e7000 ---p 00000000 00:00 0 
7f9a3a1e7000-7f9a3a2ec000 rw-p 00000000 00:00 0 
7f9a3a2ec000-7f9a3a3d2000 ---p 00000000 00:00 0 
7f9a3a3d2000-7f9a3a3d9000 rw-p 00000000 00:00 0 
7f9a3a3d9000-7f9a3a4bd000 ---p 00000000 00:00 0 
7f9a3a4bd000-7f9a3a4c2000 r-xp 00000000 08:06 2380523                    /usr/lib/jvm/java-9-openjdk-amd64/lib/libjimage.so
7f9a3a4c2000-7f9a3a6c1000 ---p 00005000 08:06 2380523                    /usr/lib/jvm/java-9-openjdk-amd64/lib/libjimage.so
7f9a3a6c1000-7f9a3a6c2000 r--p 00004000 08:06 2380523                    /usr/lib/jvm/java-9-openjdk-amd64/lib/libjimage.so
7f9a3a6c2000-7f9a3a6c3000 rw-p 00005000 08:06 2380523                    /usr/lib/jvm/java-9-openjdk-amd64/lib/libjimage.so
7f9a3a6c3000-7f9a3a6ca000 r-xp 00000000 08:06 2380540                    /usr/lib/jvm/java-9-openjdk-amd64/lib/libzip.so
7f9a3a6ca000-7f9a3a8c9000 ---p 00007000 08:06 2380540                    /usr/lib/jvm/java-9-openjdk-amd64/lib/libzip.so
7f9a3a8c9000-7f9a3a8ca000 r--p 00006000 08:06 2380540                    /usr/lib/jvm/java-9-openjdk-amd64/lib/libzip.so
7f9a3a8ca000-7f9a3a8cb000 rw-p 00007000 08:06 2380540                    /usr/lib/jvm/java-9-openjdk-amd64/lib/libzip.so
7f9a3a8cb000-7f9a3a8d6000 r-xp 00000000 08:06 9699420                    /lib/x86_64-linux-gnu/libnss_files-2.26.so
7f9a3a8d6000-7f9a3aad5000 ---p 0000b000 08:06 9699420                    /lib/x86_64-linux-gnu/libnss_files-2.26.so
7f9a3aad5000-7f9a3aad6000 r--p 0000a000 08:06 9699420                    /lib/x86_64-linux-gnu/libnss_files-2.26.so
7f9a3aad6000-7f9a3aad7000 rw-p 0000b000 08:06 9699420                    /lib/x86_64-linux-gnu/libnss_files-2.26.so
7f9a3aad7000-7f9a3aadd000 rw-p 00000000 00:00 0 
7f9a3aadd000-7f9a3aae8000 r-xp 00000000 08:06 9699422                    /lib/x86_64-linux-gnu/libnss_nis-2.26.so
7f9a3aae8000-7f9a3ace7000 ---p 0000b000 08:06 9699422                    /lib/x86_64-linux-gnu/libnss_nis-2.26.so
7f9a3ace7000-7f9a3ace8000 r--p 0000a000 08:06 9699422                    /lib/x86_64-linux-gnu/libnss_nis-2.26.so
7f9a3ace8000-7f9a3ace9000 rw-p 0000b000 08:06 9699422                    /lib/x86_64-linux-gnu/libnss_nis-2.26.so
7f9a3ace9000-7f9a3ad00000 r-xp 00000000 08:06 9699417                    /lib/x86_64-linux-gnu/libnsl-2.26.so
7f9a3ad00000-7f9a3aeff000 ---p 00017000 08:06 9699417                    /lib/x86_64-linux-gnu/libnsl-2.26.so
7f9a3aeff000-7f9a3af00000 r--p 00016000 08:06 9699417                    /lib/x86_64-linux-gnu/libnsl-2.26.so
7f9a3af00000-7f9a3af01000 rw-p 00017000 08:06 9699417                    /lib/x86_64-linux-gnu/libnsl-2.26.so
7f9a3af01000-7f9a3af03000 rw-p 00000000 00:00 0 
7f9a3af03000-7f9a3af0b000 r-xp 00000000 08:06 9699418                    /lib/x86_64-linux-gnu/libnss_compat-2.26.so
7f9a3af0b000-7f9a3b10a000 ---p 00008000 08:06 9699418                    /lib/x86_64-linux-gnu/libnss_compat-2.26.so
7f9a3b10a000-7f9a3b10b000 r--p 00007000 08:06 9699418                    /lib/x86_64-linux-gnu/libnss_compat-2.26.so
7f9a3b10b000-7f9a3b10c000 rw-p 00008000 08:06 9699418                    /lib/x86_64-linux-gnu/libnss_compat-2.26.so
7f9a3b10c000-7f9a3b138000 r-xp 00000000 08:06 2380518                    /usr/lib/jvm/java-9-openjdk-amd64/lib/libjava.so
7f9a3b138000-7f9a3b337000 ---p 0002c000 08:06 2380518                    /usr/lib/jvm/java-9-openjdk-amd64/lib/libjava.so
7f9a3b337000-7f9a3b338000 r--p 0002b000 08:06 2380518                    /usr/lib/jvm/java-9-openjdk-amd64/lib/libjava.so
7f9a3b338000-7f9a3b33a000 rw-p 0002c000 08:06 2380518                    /usr/lib/jvm/java-9-openjdk-amd64/lib/libjava.so
7f9a3b33a000-7f9a3b347000 r-xp 00000000 08:06 2380539                    /usr/lib/jvm/java-9-openjdk-amd64/lib/libverify.so
7f9a3b347000-7f9a3b546000 ---p 0000d000 08:06 2380539                    /usr/lib/jvm/java-9-openjdk-amd64/lib/libverify.so
7f9a3b546000-7f9a3b548000 r--p 0000c000 08:06 2380539                    /usr/lib/jvm/java-9-openjdk-amd64/lib/libverify.so
7f9a3b548000-7f9a3b549000 rw-p 0000e000 08:06 2380539                    /usr/lib/jvm/java-9-openjdk-amd64/lib/libverify.so
7f9a3b549000-7f9a3b550000 r-xp 00000000 08:06 9703809                    /lib/x86_64-linux-gnu/librt-2.26.so
7f9a3b550000-7f9a3b74f000 ---p 00007000 08:06 9703809                    /lib/x86_64-linux-gnu/librt-2.26.so
7f9a3b74f000-7f9a3b750000 r--p 00006000 08:06 9703809                    /lib/x86_64-linux-gnu/librt-2.26.so
7f9a3b750000-7f9a3b751000 rw-p 00007000 08:06 9703809                    /lib/x86_64-linux-gnu/librt-2.26.so
7f9a3b751000-7f9a3b767000 r-xp 00000000 08:06 9703905                    /lib/x86_64-linux-gnu/libgcc_s.so.1
7f9a3b767000-7f9a3b966000 ---p 00016000 08:06 9703905                    /lib/x86_64-linux-gnu/libgcc_s.so.1
7f9a3b966000-7f9a3b967000 r--p 00015000 08:06 9703905                    /lib/x86_64-linux-gnu/libgcc_s.so.1
7f9a3b967000-7f9a3b968000 rw-p 00016000 08:06 9703905                    /lib/x86_64-linux-gnu/libgcc_s.so.1
7f9a3b968000-7f9a3babd000 r-xp 00000000 08:06 9699414                    /lib/x86_64-linux-gnu/libm-2.26.so
7f9a3babd000-7f9a3bcbc000 ---p 00155000 08:06 9699414                    /lib/x86_64-linux-gnu/libm-2.26.so
7f9a3bcbc000-7f9a3bcbd000 r--p 00154000 08:06 9699414                    /lib/x86_64-linux-gnu/libm-2.26.so
7f9a3bcbd000-7f9a3bcbe000 rw-p 00155000 08:06 9699414                    /lib/x86_64-linux-gnu/libm-2.26.so
7f9a3bcbe000-7f9a3be36000 r-xp 00000000 08:06 2360464                    /usr/lib/x86_64-linux-gnu/libstdc++.so.6.0.24
7f9a3be36000-7f9a3c035000 ---p 00178000 08:06 2360464                    /usr/lib/x86_64-linux-gnu/libstdc++.so.6.0.24
7f9a3c035000-7f9a3c03f000 r--p 00177000 08:06 2360464                    /usr/lib/x86_64-linux-gnu/libstdc++.so.6.0.24
7f9a3c03f000-7f9a3c041000 rw-p 00181000 08:06 2360464                    /usr/lib/x86_64-linux-gnu/libstdc++.so.6.0.24
7f9a3c041000-7f9a3c044000 rw-p 00000000 00:00 0 
7f9a3c044000-7f9a3cefc000 r-xp 00000000 08:06 2380546                    /usr/lib/jvm/java-9-openjdk-amd64/lib/server/libjvm.so
7f9a3cefc000-7f9a3d0fc000 ---p 00eb8000 08:06 2380546                    /usr/lib/jvm/java-9-openjdk-amd64/lib/server/libjvm.so
7f9a3d0fc000-7f9a3d1b3000 r--p 00eb8000 08:06 2380546                    /usr/lib/jvm/java-9-openjdk-amd64/lib/server/libjvm.so
7f9a3d1b3000-7f9a3d1e8000 rw-p 00f6f000 08:06 2380546                    /usr/lib/jvm/java-9-openjdk-amd64/lib/server/libjvm.so
7f9a3d1e8000-7f9a3d231000 rw-p 00000000 00:00 0 
7f9a3d231000-7f9a3d24b000 r-xp 00000000 08:06 9699425                    /lib/x86_64-linux-gnu/libpthread-2.26.so
7f9a3d24b000-7f9a3d44a000 ---p 0001a000 08:06 9699425                    /lib/x86_64-linux-gnu/libpthread-2.26.so
7f9a3d44a000-7f9a3d44b000 r--p 00019000 08:06 9699425                    /lib/x86_64-linux-gnu/libpthread-2.26.so
7f9a3d44b000-7f9a3d44c000 rw-p 0001a000 08:06 9699425                    /lib/x86_64-linux-gnu/libpthread-2.26.so
7f9a3d44c000-7f9a3d450000 rw-p 00000000 00:00 0 
7f9a3d450000-7f9a3d453000 r-xp 00000000 08:06 9699413                    /lib/x86_64-linux-gnu/libdl-2.26.so
7f9a3d453000-7f9a3d652000 ---p 00003000 08:06 9699413                    /lib/x86_64-linux-gnu/libdl-2.26.so
7f9a3d652000-7f9a3d653000 r--p 00002000 08:06 9699413                    /lib/x86_64-linux-gnu/libdl-2.26.so
7f9a3d653000-7f9a3d654000 rw-p 00003000 08:06 9699413                    /lib/x86_64-linux-gnu/libdl-2.26.so
7f9a3d654000-7f9a3d670000 r-xp 00000000 08:06 9703906                    /lib/x86_64-linux-gnu/libz.so.1.2.11
7f9a3d670000-7f9a3d86f000 ---p 0001c000 08:06 9703906                    /lib/x86_64-linux-gnu/libz.so.1.2.11
7f9a3d86f000-7f9a3d870000 r--p 0001b000 08:06 9703906                    /lib/x86_64-linux-gnu/libz.so.1.2.11
7f9a3d870000-7f9a3d871000 rw-p 0001c000 08:06 9703906                    /lib/x86_64-linux-gnu/libz.so.1.2.11
7f9a3d871000-7f9a3da47000 r-xp 00000000 08:06 9699410                    /lib/x86_64-linux-gnu/libc-2.26.so
7f9a3da47000-7f9a3dc47000 ---p 001d6000 08:06 9699410                    /lib/x86_64-linux-gnu/libc-2.26.so
7f9a3dc47000-7f9a3dc4b000 r--p 001d6000 08:06 9699410                    /lib/x86_64-linux-gnu/libc-2.26.so
7f9a3dc4b000-7f9a3dc4d000 rw-p 001da000 08:06 9699410                    /lib/x86_64-linux-gnu/libc-2.26.so
7f9a3dc4d000-7f9a3dc51000 rw-p 00000000 00:00 0 
7f9a3dc51000-7f9a3dc5f000 r-xp 00000000 08:06 2380504                    /usr/lib/jvm/java-9-openjdk-amd64/lib/jli/libjli.so
7f9a3dc5f000-7f9a3de5f000 ---p 0000e000 08:06 2380504                    /usr/lib/jvm/java-9-openjdk-amd64/lib/jli/libjli.so
7f9a3de5f000-7f9a3de60000 r--p 0000e000 08:06 2380504                    /usr/lib/jvm/java-9-openjdk-amd64/lib/jli/libjli.so
7f9a3de60000-7f9a3de61000 rw-p 0000f000 08:06 2380504                    /usr/lib/jvm/java-9-openjdk-amd64/lib/jli/libjli.so
7f9a3de61000-7f9a3de88000 r-xp 00000000 08:06 9699333                    /lib/x86_64-linux-gnu/ld-2.26.so
7f9a3dece000-7f9a3df5f000 rw-p 00000000 00:00 0 
7f9a3df5f000-7f9a3df60000 ---p 00000000 00:00 0 
7f9a3df60000-7f9a3df64000 ---p 00000000 00:00 0 
7f9a3df64000-7f9a3e062000 rw-p 00000000 00:00 0 
7f9a3e06f000-7f9a3e075000 rw-p 00000000 00:00 0 
7f9a3e075000-7f9a3e07c000 ---p 00000000 00:00 0 
7f9a3e07c000-7f9a3e084000 rw-s 00000000 08:06 1227389                    /tmp/hsperfdata_mbouopda/25160
7f9a3e084000-7f9a3e085000 rw-p 00000000 00:00 0 
7f9a3e085000-7f9a3e086000 ---p 00000000 00:00 0 
7f9a3e086000-7f9a3e088000 rw-p 00000000 00:00 0 
7f9a3e088000-7f9a3e089000 r--p 00027000 08:06 9699333                    /lib/x86_64-linux-gnu/ld-2.26.so
7f9a3e089000-7f9a3e08a000 rw-p 00028000 08:06 9699333                    /lib/x86_64-linux-gnu/ld-2.26.so
7f9a3e08a000-7f9a3e08b000 rw-p 00000000 00:00 0 
7ffdeb0ad000-7ffdeb0ce000 rw-p 00000000 00:00 0                          [stack]
7ffdeb1ec000-7ffdeb1ef000 r--p 00000000 00:00 0                          [vvar]
7ffdeb1ef000-7ffdeb1f1000 r-xp 00000000 00:00 0                          [vdso]
ffffffffff600000-ffffffffff601000 r-xp 00000000 00:00 0                  [vsyscall]

VM Arguments:
java_command: /home/mbouopda/.vscode/extensions/tigersoldier.javacomp-vscode-1.1.0/jar/JavaComp.jar
java_class_path (initial): /home/mbouopda/.vscode/extensions/tigersoldier.javacomp-vscode-1.1.0/jar/JavaComp.jar
Launcher Type: SUN_STANDARD

Logging:
Log output configuration:
#0: stdout all=warning uptime,level,tags
#1: stderr all=off uptime,level,tags

Environment Variables:
PATH=/home/mbouopda/.opam/system/bin:/usr/local/sbin:/usr/local/bin:/usr/sbin:/usr/bin:/sbin:/bin:/usr/games:/usr/local/games:/snap/bin:/home/mbouopda/Android/Sdk/tools:/home/mbouopda/Android/Sdk/platform-tools
USERNAME=mbouopda
SHELL=/bin/bash
DISPLAY=:0

Signal Handlers:
SIGSEGV: [libjvm.so+0xc61340], sa_mask[0]=11111111011111111101111111111110, sa_flags=SA_RESTART|SA_SIGINFO
SIGBUS: [libjvm.so+0xc61340], sa_mask[0]=11111111011111111101111111111110, sa_flags=SA_RESTART|SA_SIGINFO
SIGFPE: [libjvm.so+0xc61340], sa_mask[0]=11111111011111111101111111111110, sa_flags=SA_RESTART|SA_SIGINFO
SIGPIPE: [libjvm.so+0xa890e0], sa_mask[0]=11111111011111111101111111111110, sa_flags=SA_RESTART|SA_SIGINFO
SIGXFSZ: [libjvm.so+0xa890e0], sa_mask[0]=11111111011111111101111111111110, sa_flags=SA_RESTART|SA_SIGINFO
SIGILL: [libjvm.so+0xc61340], sa_mask[0]=11111111011111111101111111111110, sa_flags=SA_RESTART|SA_SIGINFO
SIGUSR2: [libjvm.so+0xa88fa0], sa_mask[0]=00000000000000000000000000000000, sa_flags=SA_RESTART|SA_SIGINFO
SIGHUP: [libjvm.so+0xa891a0], sa_mask[0]=11111111011111111101111111111110, sa_flags=SA_RESTART|SA_SIGINFO
SIGINT: [libjvm.so+0xa891a0], sa_mask[0]=11111111011111111101111111111110, sa_flags=SA_RESTART|SA_SIGINFO
SIGTERM: [libjvm.so+0xa891a0], sa_mask[0]=11111111011111111101111111111110, sa_flags=SA_RESTART|SA_SIGINFO
SIGQUIT: [libjvm.so+0xa891a0], sa_mask[0]=11111111011111111101111111111110, sa_flags=SA_RESTART|SA_SIGINFO


---------------  S Y S T E M  ---------------

OS:DISTRIB_ID=Ubuntu
DISTRIB_RELEASE=17.10
DISTRIB_CODENAME=artful
DISTRIB_DESCRIPTION="Ubuntu 17.10"
uname:Linux 4.13.0-46-generic #51-Ubuntu SMP Tue Jun 12 12:36:29 UTC 2018 x86_64
libc:glibc 2.26 NPTL 2.26 
rlimit: STACK 8192k, CORE 0k, NPROC 13395, NOFILE 1048576, AS infinity
load average:8.27 5.31 3.38

/proc/meminfo:
MemTotal:        3484484 kB
MemFree:           85256 kB
MemAvailable:      77332 kB
Buffers:            7188 kB
Cached:           154704 kB
SwapCached:         8056 kB
Active:          2276896 kB
Inactive:         676400 kB
Active(anon):    2199768 kB
Inactive(anon):   593744 kB
Active(file):      77128 kB
Inactive(file):    82656 kB
Unevictable:         184 kB
Mlocked:             184 kB
SwapTotal:       2097148 kB
SwapFree:          16268 kB
Dirty:               524 kB
Writeback:          5904 kB
AnonPages:       2783876 kB
Mapped:           125772 kB
Shmem:             35796 kB
Slab:             171200 kB
SReclaimable:      57264 kB
SUnreclaim:       113936 kB
KernelStack:       25088 kB
PageTables:       108324 kB
NFS_Unstable:          0 kB
Bounce:                0 kB
WritebackTmp:          0 kB
CommitLimit:     3839388 kB
Committed_AS:   18589040 kB
VmallocTotal:   34359738367 kB
VmallocUsed:           0 kB
VmallocChunk:          0 kB
HardwareCorrupted:     0 kB
AnonHugePages:         0 kB
ShmemHugePages:        0 kB
ShmemPmdMapped:        0 kB
CmaTotal:              0 kB
CmaFree:               0 kB
HugePages_Total:       0
HugePages_Free:        0
HugePages_Rsvd:        0
HugePages_Surp:        0
Hugepagesize:       2048 kB
DirectMap4k:      521692 kB
DirectMap2M:     3108864 kB
DirectMap1G:           0 kB


CPU:total 4 (initial active 4) (4 cores per cpu, 1 threads per core) family 22 model 48 stepping 1, cmov, cx8, fxsr, mmx, sse, sse2, sse3, ssse3, sse4.1, sse4.2, popcnt, avx, aes, clmul, mmxext, 3dnowpref, lzcnt, sse4a, tsc, tscinvbit, tscinv, bmi1
CPU Model and flags from /proc/cpuinfo:
model name	: AMD A4-6210 APU with AMD Radeon R3 Graphics
flags		: fpu vme de pse tsc msr pae mce cx8 apic sep mtrr pge mca cmov pat pse36 clflush mmx fxsr sse sse2 ht syscall nx mmxext fxsr_opt pdpe1gb rdtscp lm constant_tsc rep_good acc_power nopl nonstop_tsc cpuid extd_apicid aperfmperf pni pclmulqdq monitor ssse3 cx16 sse4_1 sse4_2 movbe popcnt aes xsave avx f16c rdrand lahf_lm cmp_legacy svm extapic cr8_legacy abm sse4a misalignsse 3dnowprefetch osvw ibs skinit wdt topoext perfctr_nb bpext ptsc perfctr_l2 hw_pstate retpoline retpoline_amd rsb_ctxsw ssbd ls_cfg_ssbd vmmcall bmi1 xsaveopt arat npt lbrv svm_lock nrip_save tsc_scale flushbyasid decodeassists pausefilter pfthreshold overflow_recov

Memory: 4k page, physical 3484484k(85256k free), swap 2097148k(16268k free)

vm_info: OpenJDK 64-Bit Server VM (9-Ubuntu+0-9b181-4) for linux-amd64 JRE (9-Ubuntu+0-9b181-4), built on Aug 24 2017 17:15:14 by "buildd" with gcc 6.4.0 20170820

END.
